activecomp {
  name: "Player_VideoRef"
  width: 1920
  height: 1080
  defaultcameradistance: 2666.6667
  layer {
    name: "Video-Surface-View"
    id: 18722
    sourceid: 581
    transform {
      anchorPoint {
        x: 960
        y: 540
        z: 0
      }
      scale {
        x: 1
        y: 1
        z: 1
      }
      position {
        x: 960
        y: 540
        z: 0
      }
      orientation {
        x: 0
        y: 0
        z: 0
      }
      rotationX: 0
      rotationY: 0
      rotationZ: 0
      opacity: 1
    }
    acceptsshadows: true
    acceptslights: true
    castsshadows: false
  }
  bgcolor {
    alpha: 1
    red: 0
    green: 0
    blue: 0
  }
  childtemplates: "Player_Video-Surface-View"
}
sources {
  uid: 581
  srctype: AE_COMP_SRC
  name: "Player_Video-Surface-View.layout"
  width: 1920
  height: 1080
  copy_source: true
}
