activecomp {
  name: "Player_Thumb"
  width: 1392
  height: 297
  defaultcameradistance: 1933.3334
  layer {
    name: "Thumb"
    id: 18691
    sourceid: 1453
    transform {
      anchorPoint {
        x: 15
        y: 15
        z: 0
      }
      scale {
        x: 1.2
        y: 1.2
        z: 1
      }
      position {
        x: 1.25
        y: 257.5
        z: 0
      }
      orientation {
        x: 0
        y: 0
        z: 0
      }
      rotationX: 0
      rotationY: 0
      rotationZ: 0
      opacity: 1
    }
    acceptsshadows: true
    acceptslights: true
    castsshadows: false
  }
  bgcolor {
    alpha: 1
    red: 0
    green: 0
    blue: 0
  }
}
sources {
  uid: 1453
  srctype: AE_IMAGE_SRC
  name: "Scrubber-Thumb.png"
  width: 30
  height: 30
  numberOfFrames: 1
  fps: 0
  loops: 1
  copy_source: true
}
