activecomp {
  name: "Player_Btn-Back-Container"
  width: 210
  height: 81
  defaultcameradistance: 291.66666
  layer {
    name: "Btn-Back"
    id: 17139
    sourceid: 16149
    transform {
      anchorPoint {
        x: 50
        y: 40.5
        z: 0
      }
      scale {
        x: 1
        y: 1
        z: 1
      }
      position {
        x: 160
        y: 40.5
        z: 0
      }
      orientation {
        x: 0
        y: 0
        z: 0
      }
      rotationX: 0
      rotationY: 0
      rotationZ: 0
      opacity: 0
    }
    acceptsshadows: true
    acceptslights: true
    castsshadows: false
  }
  bgcolor {
    alpha: 1
    red: 0
    green: 0
    blue: 0
  }
  childtemplates: "Player_Btn-Back"
}
sources {
  uid: 16149
  srctype: AE_COMP_SRC
  name: "Player_Btn-Back.layout"
  width: 100
  height: 81
  copy_source: true
}
