activecomp {
  name: "Player_Preview"
  width: 404
  height: 261
  defaultcameradistance: 561.11108
  layer {
    name: "Border"
    id: 1483
    sourceid: 1563
    transform {
      anchorPoint {
        x: 202
        y: 114.5
        z: 0
      }
      scale {
        x: 1
        y: 1
        z: 1
      }
      position {
        x: 202
        y: 114.5
        z: 0
      }
      orientation {
        x: 0
        y: 0
        z: 0
      }
      rotationX: 0
      rotationY: 0
      rotationZ: 0
      opacity: 0.4
    }
    acceptsshadows: true
    acceptslights: true
    castsshadows: false
  }
  layer {
    name: "Preview_Thumbnail_Image"
    id: 1484
    sourceid: 1510
    transform {
      anchorPoint {
        x: 200
        y: 112.5
        z: 0
      }
      scale {
        x: 1
        y: 1
        z: 1
      }
      position {
        x: 202
        y: 114.5
        z: 0
      }
      orientation {
        x: 0
        y: 0
        z: 0
      }
      rotationX: 0
      rotationY: 0
      rotationZ: 0
      opacity: 1
    }
    acceptsshadows: true
    acceptslights: true
    castsshadows: false
  }
  layer {
    name: "placeholder-time"
    id: 1485
    sourceid: -1
    transform {
      anchorPoint {
        x: 166.5
        y: 13.48984
        z: 0
      }
      scale {
        x: 1
        y: 1
        z: 1
      }
      position {
        x: 202
        y: 211.19574
        z: 0
      }
      orientation {
        x: 0
        y: 0
        z: 0
      }
      rotationX: 0
      rotationY: 0
      rotationZ: 0
      opacity: 1
    }
    acceptsshadows: true
    acceptslights: true
    castsshadows: false
    textinfo {
      justification: AE_TEXT_CENTER
      fontSize: 26
      fontColor {
        alpha: 1
        red: 1
        green: 1
        blue: 1
      }
      fontName: "ArialMT"
      isPointText: false
      boundsWidth: 333
      boundsHeight: 22
      multiline: true
      isAllCaps: false
    }
  }
  layer {
    name: "White Solid 4"
    id: 1486
    sourceid: 1565
    transform {
      anchorPoint {
        x: 2
        y: 16
        z: 0
      }
      scale {
        x: 1
        y: 1
        z: 1
      }
      position {
        x: 202
        y: 245
        z: 0
      }
      orientation {
        x: 0
        y: 0
        z: 0
      }
      rotationX: 0
      rotationY: 0
      rotationZ: 0
      opacity: 0.4
    }
    acceptsshadows: true
    acceptslights: true
    castsshadows: false
  }
  classname: "CYIPlayerPreviewThumbnailView"
  bgcolor {
    alpha: 1
    red: 0
    green: 0
    blue: 0
  }
  properties {
    key: "usesCustomClass"
    value: "true"
  }
  childtemplates: "Player_Preview_Thumbnail_Image"
}
sources {
  uid: 1563
  srctype: AE_SOLID_SRC
  color {
    alpha: 1
    red: 0.94509804248809814
    green: 0.94509804248809814
    blue: 0.94509804248809814
  }
  width: 404
  height: 229
  copy_source: false
}
sources {
  uid: 1510
  srctype: AE_COMP_SRC
  name: "Player_Preview_Thumbnail_Image.layout"
  width: 400
  height: 225
  copy_source: true
}
sources {
  uid: 3
  srctype: AE_FONT_SRC
  name: "ArialMT"
  copy_source: true
  file_name: "yi_Arial-Regular.ttf"
  style_name: "Regular"
}
sources {
  uid: 1565
  srctype: AE_SOLID_SRC
  color {
    alpha: 1
    red: 0.94509798288345337
    green: 0.94509798288345337
    blue: 0.94509798288345337
  }
  width: 4
  height: 32
  copy_source: false
}
