activecomp {
  name: "Player_Preview_Thumbnail_Image"
  width: 400
  height: 225
  defaultcameradistance: 555.55554
  layer {
    name: "ImageNode"
    id: 1510
    sourceid: 1561
    transform {
      anchorPoint {
        x: 200
        y: 112.5
        z: 0
      }
      scale {
        x: 1
        y: 1
        z: 1
      }
      position {
        x: 200
        y: 112.5
        z: 0
      }
      orientation {
        x: 0
        y: 0
        z: 0
      }
      rotationX: 0
      rotationY: 0
      rotationZ: 0
      opacity: 1
    }
    acceptsshadows: true
    acceptslights: true
    castsshadows: false
  }
  classname: "CYIImageView"
  bgcolor {
    alpha: 1
    red: 0
    green: 0
    blue: 0
  }
}
sources {
  uid: 1561
  srctype: AE_SOLID_SRC
  color {
    alpha: 1
    red: 0
    green: 0
    blue: 0
  }
  width: 400
  height: 225
  copy_source: false
}
