activecomp {
  name: "Player_PlayPause-Container"
  width: 125
  height: 125
  defaultcameradistance: 173.61111
  layer {
    name: "Btn-PlayPause"
    id: 17234
    sourceid: 1360
    transform {
      anchorPoint {
        x: 62.5
        y: 62.5
        z: 0
      }
      scale {
        x: 1
        y: 1
        z: 1
      }
      position {
        x: 62.5
        y: 62.5
        z: 0
      }
      orientation {
        x: 0
        y: 0
        z: 0
      }
      rotationX: 0
      rotationY: 0
      rotationZ: 0
      opacity: 0
    }
    acceptsshadows: true
    acceptslights: true
    castsshadows: false
  }
  bgcolor {
    alpha: 1
    red: 0
    green: 0
    blue: 0
  }
  childtemplates: "Player_Btn-PlayPause"
}
sources {
  uid: 1360
  srctype: AE_COMP_SRC
  name: "Player_Btn-PlayPause.layout"
  width: 125
  height: 125
  copy_source: true
}
