activecomp {
  name: "Player_Arrow-Container"
  width: 468
  height: 44
  defaultcameradistance: 650
  layer {
    name: "Btn-FastForward"
    id: 2623
    sourceid: 2555
    transform {
      anchorPoint {
        x: 67.5
        y: 22
        z: 0
      }
      scale {
        x: 1
        y: 1
        z: 1
      }
      position {
        x: 400.25
        y: 22
        z: 0
      }
      orientation {
        x: 0
        y: 0
        z: 0
      }
      rotationX: 0
      rotationY: 0
      rotationZ: 0
      opacity: 0
    }
    acceptsshadows: true
    acceptslights: true
    castsshadows: false
  }
  layer {
    name: "Btn-Rewind"
    id: 2624
    sourceid: 2555
    transform {
      anchorPoint {
        x: 67.5
        y: 22
        z: 0
      }
      scale {
        x: 1
        y: 1
        z: 1
      }
      position {
        x: 67.625
        y: 22
        z: 0
      }
      orientation {
        x: 0
        y: 0
        z: 0
      }
      rotationX: 0
      rotationY: 0
      rotationZ: 180
      opacity: 0
    }
    acceptsshadows: true
    acceptslights: true
    castsshadows: false
  }
  bgcolor {
    alpha: 1
    red: 0
    green: 0
    blue: 0
  }
  childtemplates: "Player_Btn-FFW"
}
sources {
  uid: 2555
  srctype: AE_COMP_SRC
  name: "Player_Btn-FFW.layout"
  width: 135
  height: 44
  copy_source: true
}
