activecomp {
  name: "Player_Player-ScrollBar"
  width: 1392
  height: 297
  defaultcameradistance: 1933.3334
  layer {
    name: "Progress-Track-Tip-Right"
    id: 693
    sourceid: 1448
    transform {
      anchorPoint {
        x: 3
        y: 6
        z: 0
      }
      scale {
        x: 1
        y: 1
        z: 1
      }
      position {
        x: 1389
        y: 258.5
        z: 0
      }
      orientation {
        x: 0
        y: 0
        z: 0
      }
      rotationX: 0
      rotationY: 0
      rotationZ: 0
      opacity: 1
    }
    acceptsshadows: true
    acceptslights: true
    castsshadows: false
  }
  layer {
    name: "Progress-Track"
    id: 694
    sourceid: 711
    transform {
      anchorPoint {
        x: 690
        y: 6
        z: 0
      }
      scale {
        x: 1
        y: 1
        z: 1
      }
      position {
        x: 696
        y: 258.5
        z: 0
      }
      orientation {
        x: 0
        y: 0
        z: 0
      }
      rotationX: 0
      rotationY: 0
      rotationZ: 0
      opacity: 0.3
    }
    acceptsshadows: true
    acceptslights: true
    castsshadows: false
  }
  layer {
    name: "Progress-Bar-Tip-Left"
    id: 695
    sourceid: 1447
    transform {
      anchorPoint {
        x: 3
        y: 6
        z: 0
      }
      scale {
        x: 1
        y: 1
        z: 1
      }
      position {
        x: 3
        y: 258.5
        z: 0
      }
      orientation {
        x: 0
        y: 0
        z: 0
      }
      rotationX: 0
      rotationY: 0
      rotationZ: 0
      opacity: 0
    }
    acceptsshadows: true
    acceptslights: true
    castsshadows: false
  }
  layer {
    name: "Progress-Bar-Tip-Right"
    id: 696
    sourceid: 1447
    transform {
      anchorPoint {
        x: 3
        y: 6
        z: 0
      }
      scale {
        x: 1
        y: 1
        z: 1
      }
      position {
        x: 1389
        y: 258.5
        z: 0
      }
      orientation {
        x: 0
        y: 0
        z: 0
      }
      rotationX: 0
      rotationY: 0
      rotationZ: 180
      opacity: 0
    }
    acceptsshadows: true
    acceptslights: true
    castsshadows: false
  }
  layer {
    name: "Progress-Bar"
    id: 697
    sourceid: 707
    transform {
      anchorPoint {
        x: 0
        y: 6
        z: 0
      }
      scale {
        x: 0
        y: 1
        z: 1
      }
      position {
        x: 6
        y: 258.5
        z: 0
      }
      orientation {
        x: 0
        y: 0
        z: 0
      }
      rotationX: 0
      rotationY: 0
      rotationZ: 0
      opacity: 1
    }
    acceptsshadows: true
    acceptslights: true
    castsshadows: false
  }
  bgcolor {
    alpha: 1
    red: 0
    green: 0
    blue: 0
  }
}
sources {
  uid: 1448
  srctype: AE_IMAGE_SRC
  name: "Progress-Bar-Tip-White.png"
  width: 6
  height: 12
  numberOfFrames: 1
  fps: 0
  loops: 1
  copy_source: true
}
sources {
  uid: 711
  srctype: AE_SOLID_SRC
  color {
    alpha: 1
    red: 0.94509804248809814
    green: 0.94509804248809814
    blue: 0.94509804248809814
  }
  width: 1380
  height: 12
  copy_source: false
}
sources {
  uid: 1447
  srctype: AE_IMAGE_SRC
  name: "Progress-Bar-Tip-Red.png"
  width: 6
  height: 12
  numberOfFrames: 1
  fps: 0
  loops: 1
  copy_source: true
}
sources {
  uid: 707
  srctype: AE_SOLID_SRC
  color {
    alpha: 1
    red: 0.83529412746429443
    green: 0.63529413938522339
    blue: 0.24313725531101227
  }
  width: 1380
  height: 12
  copy_source: false
}
